<?xml version="1.0" encoding="UTF-8"?>
<!-- Generated by org.testng.reporters.JUnitReportReporter -->
<testsuite hostname="RAHUL-SONI" failures="0" tests="1" name="com.maven.com.maven.rahul.ScriptOne" time="52.613" errors="0" timestamp="2023-01-30T01:55:35 IST" skipped="0">
  <testcase classname="com.maven.com.maven.rahul.ScriptOne" name="f" time="52.613"/>
  <system-out/>
</testsuite> <!-- com.maven.com.maven.rahul.ScriptOne -->
